Assembler report for rc4
Wed Mar 04 18:50:42 2020
Quartus II 64-Bit Version 14.1.0 Build 186 12/03/2014 SJ Web Edition


---------------------
; Table of Contents ;
---------------------
  1. Legal Notice
  2. Assembler Summary
  3. Assembler Settings
  4. Assembler Encrypted IP Cores Summary
  5. Assembler Generated Files
  6. Assembler Device Options: C:/Users/nikitadrozdovs/Desktop/Lab4/CPEN311_LAB4/template_de1soc/output_files/rc4.sof
  7. Assembler Messages



----------------
; Legal Notice ;
----------------
Copyright (C) 1991-2014 Altera Corporation. All rights reserved.
Your use of Altera Corporation's design tools, logic functions 
and other software and tools, and its AMPP partner logic 
functions, and any output files from any of the foregoing 
(including device programming or simulation files), and any 
associated documentation or information are expressly subject 
to the terms and conditions of the Altera Program License 
Subscription Agreement, the Altera Quartus II License Agreement,
the Altera MegaCore Function License Agreement, or other 
applicable license agreement, including, without limitation, 
that your use is for the sole purpose of programming logic 
devices manufactured by Altera and sold by Altera or its 
authorized distributors.  Please refer to the applicable 
agreement for further details.



+---------------------------------------------------------------+
; Assembler Summary                                             ;
+-----------------------+---------------------------------------+
; Assembler Status      ; Successful - Wed Mar 04 18:50:42 2020 ;
; Revision Name         ; rc4                                   ;
; Top-level Entity Name ; ksa                                   ;
; Family                ; Cyclone V                             ;
; Device                ; 5CSEMA5F31C6                          ;
+-----------------------+---------------------------------------+


+----------------------------------+
; Assembler Settings               ;
+--------+---------+---------------+
; Option ; Setting ; Default Value ;
+--------+---------+---------------+


+------------------------------------------------+
; Assembler Encrypted IP Cores Summary           ;
+--------+------------------------+--------------+
; Vendor ; IP Core Name           ; License Type ;
+--------+------------------------+--------------+
; Altera ; Signal Tap (6AF7 BCE1) ; Licensed     ;
; Altera ; Signal Tap (6AF7 BCEC) ; Licensed     ;
+--------+------------------------+--------------+


+----------------------------------------------------------------------------------------+
; Assembler Generated Files                                                              ;
+----------------------------------------------------------------------------------------+
; File Name                                                                              ;
+----------------------------------------------------------------------------------------+
; C:/Users/nikitadrozdovs/Desktop/Lab4/CPEN311_LAB4/template_de1soc/output_files/rc4.sof ;
+----------------------------------------------------------------------------------------+


+------------------------------------------------------------------------------------------------------------------+
; Assembler Device Options: C:/Users/nikitadrozdovs/Desktop/Lab4/CPEN311_LAB4/template_de1soc/output_files/rc4.sof ;
+----------------+-------------------------------------------------------------------------------------------------+
; Option         ; Setting                                                                                         ;
+----------------+-------------------------------------------------------------------------------------------------+
; Device         ; 5CSEMA5F31C6                                                                                    ;
; JTAG usercode  ; 0x00B8AF84                                                                                      ;
; Checksum       ; 0x00B8AF84                                                                                      ;
+----------------+-------------------------------------------------------------------------------------------------+


+--------------------+
; Assembler Messages ;
+--------------------+
Info: *******************************************************************
Info: Running Quartus II 64-Bit Assembler
    Info: Version 14.1.0 Build 186 12/03/2014 SJ Web Edition
    Info: Processing started: Wed Mar 04 18:50:30 2020
Info: Command: quartus_asm --read_settings_files=off --write_settings_files=off rc4 -c rc4
Info (115030): Assembler is generating device programming files
Info: Quartus II 64-Bit Assembler was successful. 0 errors, 0 warnings
    Info: Peak virtual memory: 4840 megabytes
    Info: Processing ended: Wed Mar 04 18:50:42 2020
    Info: Elapsed time: 00:00:12
    Info: Total CPU time (on all processors): 00:00:11


